[2023-03-08 16:37:10,820]:[__main__]:[<module>:144]:[INFO]:Script started
[2023-03-08 16:37:10,820]:[__main__]:[<module>:157]:[INFO]:Downloading webdriver for your version of Chrome
[2023-03-08 16:37:10,820]:[__main__]:[<module>:159]:[INFO]:Initializing instagram user
[2023-03-08 16:37:15,085]:[__main__]:[<module>:168]:[INFO]:Setting target to: testing1234978
[2023-03-08 16:37:15,085]:[__main__]:[<module>:182]:[INFO]:Attempting to log in with test.123152
[2023-03-08 16:37:17,928]:[instafunc]:[validate_login:144]:[INFO]:Validating login with xpath: //img[contains(@alt, " profile picture")]
[2023-03-08 16:37:22,574]:[__main__]:[<module>:187]:[INFO]:Login successful
[2023-03-08 16:37:22,574]:[__main__]:[<module>:191]:[INFO]:Opening target testing1234978
[2023-03-08 16:37:22,574]:[instafunc]:[wrapper:52]:[INFO]:[open_target]: Attempt - 1
[2023-03-08 16:37:24,917]:[__main__]:[<module>:226]:[INFO]:[target: testing1234978] No. of posts found: 1
[2023-03-08 16:37:24,917]:[__main__]:[<module>:238]:[INFO]:[target: testing1234978] Checking if testing1234978 is a private account
[2023-03-08 16:37:24,937]:[instafunc]:[is_private:351]:[INFO]:Failed to find text: This account is private
[2023-03-08 16:37:24,954]:[instafunc]:[is_private:351]:[INFO]:Failed to find text: This Account is private
[2023-03-08 16:37:24,973]:[instafunc]:[is_private:351]:[INFO]:Failed to find text: This Account is Private
[2023-03-08 16:37:24,973]:[__main__]:[<module>:242]:[INFO]:[target: testing1234978] Account not private
[2023-03-08 16:37:24,973]:[__main__]:[<module>:245]:[INFO]:[target: testing1234978] Opening first post
[2023-03-08 16:37:25,233]:[__main__]:[<module>:256]:[INFO]:[target: testing1234978] Number of posts to like: 1
[2023-03-08 16:37:25,233]:[__main__]:[<module>:260]:[INFO]:[target: testing1234978] Liking post: 1
[2023-03-08 16:37:25,233]:[instafunc]:[wrapper:52]:[INFO]:[like]: Attempt - 1
[2023-03-08 16:37:26,581]:[__main__]:[<module>:265]:[INFO]:[target: testing1234978] Comment disabled? No
[2023-03-08 16:37:26,581]:[__main__]:[<module>:279]:[INFO]:[target: testing1234978] Commenting on the post
[2023-03-08 16:37:26,582]:[instafunc]:[wrapper:52]:[INFO]:[comment]: Attempt - 1
[2023-03-08 16:37:26,693]:[instafunc]:[wrapper:52]:[INFO]:[comment]: Attempt - 2
[2023-03-08 16:37:29,775]:[__main__]:[<module>:281]:[INFO]:[target: testing1234978] Commented: I'm so obssessed
[2023-03-08 16:37:29,775]:[__main__]:[<module>:283]:[INFO]:[target: testing1234978] Moving on to the next post
[2023-03-08 16:37:29,873]:[__main__]:[<module>:287]:[INFO]:[target: testing1234978] Waiting for 7 seconds
[2023-03-08 16:37:36,879]:[__main__]:[<module>:291]:[INFO]:Script finished successfully
[2023-03-08 16:37:36,944]:[__main__]:[<module>:300]:[INFO]:Total time taken: 26.1244 seconds
[2023-03-08 16:46:05,645]:[__main__]:[<module>:144]:[INFO]:Script started
[2023-03-08 16:46:05,645]:[__main__]:[<module>:149]:[INFO]:Loaded comments from mycomments.txt
[2023-03-08 16:46:05,645]:[__main__]:[<module>:157]:[INFO]:Downloading webdriver for your version of Chrome
[2023-03-08 16:46:05,645]:[__main__]:[<module>:159]:[INFO]:Initializing instagram user
[2023-03-08 16:46:07,749]:[__main__]:[<module>:168]:[INFO]:Setting target to: testing1234978
[2023-03-08 16:46:07,750]:[__main__]:[<module>:182]:[INFO]:Attempting to log in with test.123152
[2023-03-08 16:46:10,517]:[instafunc]:[validate_login:144]:[INFO]:Validating login with xpath: //img[contains(@alt, " profile picture")]
[2023-03-08 16:46:15,390]:[__main__]:[<module>:187]:[INFO]:Login successful
[2023-03-08 16:46:15,390]:[__main__]:[<module>:191]:[INFO]:Opening target testing1234978
[2023-03-08 16:46:15,390]:[instafunc]:[wrapper:52]:[INFO]:[open_target]: Attempt - 1
[2023-03-08 16:46:17,205]:[__main__]:[<module>:226]:[INFO]:[target: testing1234978] No. of posts found: 1
[2023-03-08 16:46:17,205]:[__main__]:[<module>:238]:[INFO]:[target: testing1234978] Checking if testing1234978 is a private account
[2023-03-08 16:46:17,266]:[instafunc]:[is_private:351]:[INFO]:Failed to find text: This account is private
[2023-03-08 16:46:17,281]:[instafunc]:[is_private:351]:[INFO]:Failed to find text: This Account is private
[2023-03-08 16:46:17,298]:[instafunc]:[is_private:351]:[INFO]:Failed to find text: This Account is Private
[2023-03-08 16:46:17,298]:[__main__]:[<module>:242]:[INFO]:[target: testing1234978] Account not private
[2023-03-08 16:46:17,298]:[__main__]:[<module>:245]:[INFO]:[target: testing1234978] Opening first post
[2023-03-08 16:46:17,563]:[__main__]:[<module>:256]:[INFO]:[target: testing1234978] Number of posts to like: 1
[2023-03-08 16:46:17,563]:[__main__]:[<module>:260]:[INFO]:[target: testing1234978] Liking post: 1
[2023-03-08 16:46:17,563]:[instafunc]:[wrapper:52]:[INFO]:[like]: Attempt - 1
[2023-03-08 16:46:18,808]:[__main__]:[<module>:265]:[INFO]:[target: testing1234978] Comment disabled? No
[2023-03-08 16:46:18,808]:[__main__]:[<module>:279]:[INFO]:[target: testing1234978] Commenting on the post
[2023-03-08 16:46:18,808]:[instafunc]:[wrapper:52]:[INFO]:[comment]: Attempt - 1
[2023-03-08 16:46:18,919]:[instafunc]:[wrapper:52]:[INFO]:[comment]: Attempt - 2
[2023-03-08 16:46:22,699]:[__main__]:[<module>:281]:[INFO]:[target: testing1234978] Commented: Wear  celebrity quality clothes  With best product quality and Celebrity Standard clothes. Hurry up only 1000 stocks are there. www.celebzo.com let's wear better than celebrity @celeb.zo follow.
[2023-03-08 16:46:22,699]:[__main__]:[<module>:283]:[INFO]:[target: testing1234978] Moving on to the next post
[2023-03-08 16:46:22,800]:[__main__]:[<module>:287]:[INFO]:[target: testing1234978] Waiting for 8 seconds
[2023-03-08 16:46:30,808]:[__main__]:[<module>:291]:[INFO]:Script finished successfully
[2023-03-08 16:46:30,877]:[__main__]:[<module>:300]:[INFO]:Total time taken: 25.2324 seconds
